Log file open, 05/14/20 17:22:37
LogWindows: Failed to load 'aqProf.dll' (GetLastError=126)
LogWindows: File 'aqProf.dll' does not exist
LogWindows: Failed to load 'VtuneApi.dll' (GetLastError=126)
LogWindows: File 'VtuneApi.dll' does not exist
LogWindows: Failed to load 'VtuneApi32e.dll' (GetLastError=126)
LogWindows: File 'VtuneApi32e.dll' does not exist
LogConsoleResponse: Display: Failed to find resolution value strings in scalability ini. Falling back to default.
LogInit: Display: Running engine for game: Ball_runner_Kinga_Makowska
LogPlatformFile: Not using cached read wrapper
LogTaskGraph: Started task graph with 5 named threads and 23 total threads with 3 sets of task threads.
LogStats: Stats thread started at 0.094564
LogD3D11RHI: Loaded GFSDK_Aftermath_Lib.x64.dll
LogICUInternationalization: ICU TimeZone Detection - Raw Offset: +1:00, Platform Override: ''
LogPluginManager: Mounting plugin Paper2D
LogPluginManager: Mounting plugin AISupport
LogPluginManager: Mounting plugin LightPropagationVolume
LogPluginManager: Mounting plugin ActorLayerUtilities
LogPluginManager: Mounting plugin AnimationSharing
LogPluginManager: Mounting plugin CLionSourceCodeAccess
LogPluginManager: Mounting plugin CodeLiteSourceCodeAccess
LogPluginManager: Mounting plugin GitSourceControl
LogPluginManager: Mounting plugin KDevelopSourceCodeAccess
LogPluginManager: Mounting plugin NullSourceCodeAccess
LogPluginManager: Mounting plugin PerforceSourceControl
LogPluginManager: Mounting plugin PlasticSourceControl
LogPluginManager: Mounting plugin SubversionSourceControl
LogPluginManager: Mounting plugin UObjectPlugin
LogPluginManager: Mounting plugin VisualStudioCodeSourceCodeAccess
LogPluginManager: Mounting plugin VisualStudioSourceCodeAccess
LogPluginManager: Mounting plugin XCodeSourceCodeAccess
LogPluginManager: Mounting plugin AssetManagerEditor
LogPluginManager: Mounting plugin CryptoKeys
LogPluginManager: Mounting plugin CurveEditorTools
LogPluginManager: Mounting plugin DataValidation
LogPluginManager: Mounting plugin FacialAnimation
LogPluginManager: Mounting plugin GameplayTagsEditor
LogPluginManager: Mounting plugin MacGraphicsSwitching
LogPluginManager: Mounting plugin MaterialAnalyzer
LogPluginManager: Mounting plugin MobileLauncherProfileWizard
LogPluginManager: Mounting plugin PluginBrowser
LogPluginManager: Mounting plugin SpeedTreeImporter
LogPluginManager: Mounting plugin DatasmithContent
LogPluginManager: Mounting plugin VariantManagerContent
LogPluginManager: Mounting plugin AlembicImporter
LogPluginManager: Mounting plugin AutomationUtils
LogPluginManager: Mounting plugin BackChannel
LogPluginManager: Mounting plugin CharacterAI
LogPluginManager: Mounting plugin GeometryCache
LogPluginManager: Mounting plugin PlatformCrypto
LogPluginManager: Mounting plugin ProxyLODPlugin
LogPluginManager: Mounting plugin SkeletalReduction
LogPluginManager: Mounting plugin MagicLeap
LogPluginManager: Mounting plugin MagicLeapMedia
LogPluginManager: Mounting plugin MLSDK
LogPluginManager: Mounting plugin AndroidMedia
LogPluginManager: Mounting plugin AvfMedia
LogPluginManager: Mounting plugin ImgMedia
LogPluginManager: Mounting plugin MediaCompositing
LogPluginManager: Mounting plugin MediaPlayerEditor
LogPluginManager: Mounting plugin WebMMedia
LogPluginManager: Mounting plugin WmfMedia
LogPluginManager: Mounting plugin TcpMessaging
LogPluginManager: Mounting plugin UdpMessaging
LogPluginManager: Mounting plugin ActorSequence
LogPluginManager: Mounting plugin LevelSequenceEditor
LogPluginManager: Mounting plugin MatineeToLevelSequence
LogPluginManager: Mounting plugin NetcodeUnitTest
LogPluginManager: Mounting plugin NUTUnrealEngine4
LogPluginManager: Mounting plugin OnlineSubsystemGooglePlay
LogPluginManager: Mounting plugin OnlineSubsystemIOS
LogPluginManager: Mounting plugin OnlineSubsystem
LogPluginManager: Mounting plugin OnlineSubsystemNull
LogPluginManager: Mounting plugin OnlineSubsystemUtils
LogPluginManager: Mounting plugin LauncherChunkInstaller
LogPluginManager: Mounting plugin AndroidDeviceProfileSelector
LogPluginManager: Mounting plugin AndroidMoviePlayer
LogPluginManager: Mounting plugin AndroidPermission
LogPluginManager: Mounting plugin AppleImageUtils
LogPluginManager: Mounting plugin AppleMoviePlayer
LogPluginManager: Mounting plugin ArchVisCharacter
LogPluginManager: Mounting plugin AssetTags
LogPluginManager: Mounting plugin AudioCapture
LogPluginManager: Mounting plugin CableComponent
LogPluginManager: Mounting plugin CustomMeshComponent
LogPluginManager: Mounting plugin EditableMesh
LogPluginManager: Mounting plugin ExampleDeviceProfileSelector
LogPluginManager: Mounting plugin GoogleCloudMessaging
LogPluginManager: Mounting plugin IOSDeviceProfileSelector
LogPluginManager: Mounting plugin LinuxDeviceProfileSelector
LogPluginManager: Mounting plugin LocationServicesBPLibrary
LogPluginManager: Mounting plugin MobilePatchingUtils
LogPluginManager: Mounting plugin OculusVR
LogPluginManager: Mounting plugin PhysXVehicles
LogPluginManager: Mounting plugin PostSplashScreen
LogPluginManager: Mounting plugin ProceduralMeshComponent
LogPluginManager: Mounting plugin RuntimePhysXCooking
LogPluginManager: Mounting plugin SignificanceManager
LogPluginManager: Mounting plugin SteamVR
LogPluginManager: Mounting plugin WebMMoviePlayer
LogPluginManager: Mounting plugin WindowsMoviePlayer
LogPluginManager: Mounting plugin ScreenshotTools
LogInit: Using libcurl 7.55.1-DEV
LogInit:  - built for x86_64-pc-win32
LogInit:  - supports SSL with OpenSSL/1.1.1
LogInit:  - supports HTTP deflate (compression) using libz 1.2.8
LogInit:  - other features:
LogInit:      CURL_VERSION_SSL
LogInit:      CURL_VERSION_LIBZ
LogInit:      CURL_VERSION_IPV6
LogInit:      CURL_VERSION_ASYNCHDNS
LogInit:      CURL_VERSION_LARGEFILE
LogInit:      CURL_VERSION_IDN
LogInit:  CurlRequestOptions (configurable via config and command line):
LogInit:  - bVerifyPeer = true  - Libcurl will verify peer certificate
LogInit:  - bUseHttpProxy = false  - Libcurl will NOT use HTTP proxy
LogInit:  - bDontReuseConnections = false  - Libcurl will reuse connections
LogInit:  - MaxHostConnections = 16  - Libcurl will limit the number of connections to a host
LogInit:  - LocalHostAddr = Default
LogInit:  - BufferSize = 65536
LogOnline: OSS: Creating online subsystem instance for: NULL
LogInit: WinSock: version 1.1 (2.2), MaxSocks=32767, MaxUdp=65467
LogOnline: OSS: TryLoadSubsystemAndSetDefault: Loaded subsystem for module [NULL]
LogInit: Build: ++UE4+Release-4.24-CL-11590370
LogInit: Engine Version: 4.24.3-11590370+++UE4+Release-4.24
LogInit: Compatible Engine Version: 4.24.0-10570792+++UE4+Release-4.24
LogInit: Net CL: 10570792
LogInit: OS: Windows 10 (Release 1903) (), CPU: Intel(R) Core(TM) i7-7700HQ CPU @ 2.80GHz, GPU: Intel(R) HD Graphics 630
LogInit: Compiled (64-bit): Feb 24 2020 15:39:18
LogInit: Compiled with Visual C++: 19.16.27032.01
LogInit: Build Configuration: Development
LogInit: Branch Name: ++UE4+Release-4.24
LogInit: Command Line: 
LogInit: Base Directory: D:/UE_4.24/Engine/Binaries/Win64/
LogInit: Installed Engine Build: 1
LogDevObjectVersion: Number of dev versions registered: 25
LogDevObjectVersion:   Dev-Blueprints (B0D832E4-1F89-4F0D-ACCF-7EB736FD4AA2): 10
LogDevObjectVersion:   Dev-Build (E1C64328-A22C-4D53-A36C-8E866417BD8C): 0
LogDevObjectVersion:   Dev-Core (375EC13C-06E4-48FB-B500-84F0262A717E): 3
LogDevObjectVersion:   Dev-Editor (E4B068ED-F494-42E9-A231-DA0B2E46BB41): 37
LogDevObjectVersion:   Dev-Framework (CFFC743F-43B0-4480-9391-14DF171D2073): 36
LogDevObjectVersion:   Dev-Mobile (B02B49B5-BB20-44E9-A304-32B752E40360): 2
LogDevObjectVersion:   Dev-Networking (A4E4105C-59A1-49B5-A7C5-40C4547EDFEE): 0
LogDevObjectVersion:   Dev-Online (39C831C9-5AE6-47DC-9A44-9C173E1C8E7C): 0
LogDevObjectVersion:   Dev-Physics (78F01B33-EBEA-4F98-B9B4-84EACCB95AA2): 2
LogDevObjectVersion:   Dev-Platform (6631380F-2D4D-43E0-8009-CF276956A95A): 0
LogDevObjectVersion:   Dev-Rendering (12F88B9F-8875-4AFC-A67C-D90C383ABD29): 36
LogDevObjectVersion:   Dev-Sequencer (7B5AE74C-D270-4C10-A958-57980B212A5A): 11
LogDevObjectVersion:   Dev-VR (D7296918-1DD6-4BDD-9DE2-64A83CC13884): 2
LogDevObjectVersion:   Dev-LoadTimes (C2A15278-BFE7-4AFE-6C17-90FF531DF755): 1
LogDevObjectVersion:   Private-Geometry (6EACA3D4-40EC-4CC1-B786-8BED09428FC5): 3
LogDevObjectVersion:   Dev-AnimPhys (29E575DD-E0A3-4627-9D10-D276232CDCEA): 17
LogDevObjectVersion:   Dev-Anim (AF43A65D-7FD3-4947-9873-3E8ED9C1BB05): 2
LogDevObjectVersion:   Dev-ReflectionCapture (6B266CEC-1EC7-4B8F-A30B-E4D90942FC07): 1
LogDevObjectVersion:   Dev-Automation (0DF73D61-A23F-47EA-B727-89E90C41499A): 1
LogDevObjectVersion:   FortniteMain (601D1886-AC64-4F84-AA16-D3DE0DEAC7D6): 31
LogDevObjectVersion:   Dev-Enterprise (9DFFBCD6-494F-0158-E221-12823C92A888): 8
LogDevObjectVersion:   Dev-Niagara (F2AED0AC-9AFE-416F-8664-AA7FFA26D6FC): 1
LogDevObjectVersion:   Dev-Destruction (174F1F0B-B4C6-45A5-B13F-2EE8D0FB917D): 9
LogDevObjectVersion:   Dev-Physics-Ext (35F94A83-E258-406C-A318-09F59610247C): 8
LogDevObjectVersion:   Dev-CineCamera (B2E18506-4273-CFC2-A54E-F4BB758BBA07): 1
LogInit: Presizing for max 25165824 objects, including 0 objects not considered by GC, pre-allocating 0 bytes for permanent pool.
LogInit: Object subsystem initialized
LogConfig: Setting CVar [[con.DebugEarlyDefault:1]]
LogConfig: Setting CVar [[r.setres:1280x720]]
[2020.05.14-15.22.38:187][  0]LogConfig: Setting CVar [[r.VSync:0]]
[2020.05.14-15.22.38:187][  0]LogConfig: Setting CVar [[r.RHICmdBypass:0]]
[2020.05.14-15.22.38:187][  0]LogConfig: Applying CVar settings from Section [/Script/Engine.RendererSettings] File [D:/unreal/ballrunner/Ball_runner 4.24/Saved/Config/Windows/Engine.ini]
[2020.05.14-15.22.38:187][  0]LogConfig: Setting CVar [[r.GPUCrashDebugging:0]]
[2020.05.14-15.22.38:187][  0]LogConfig: Setting CVar [[r.DefaultFeature.AutoExposure.ExtendDefaultLuminanceRange:1]]
[2020.05.14-15.22.38:187][  0]LogConfig: Setting CVar [[r.DefaultFeature.AutoExposure:0]]
[2020.05.14-15.22.38:187][  0]LogConfig: Applying CVar settings from Section [/Script/Engine.RendererOverrideSettings] File [D:/unreal/ballrunner/Ball_runner 4.24/Saved/Config/Windows/Engine.ini]
[2020.05.14-15.22.38:187][  0]LogConfig: Applying CVar settings from Section [/Script/Engine.StreamingSettings] File [D:/unreal/ballrunner/Ball_runner 4.24/Saved/Config/Windows/Engine.ini]
[2020.05.14-15.22.38:187][  0]LogConfig: Setting CVar [[s.MinBulkDataSizeForAsyncLoading:131072]]
[2020.05.14-15.22.38:187][  0]LogConfig: Setting CVar [[s.AsyncLoadingThreadEnabled:0]]
[2020.05.14-15.22.38:187][  0]LogConfig: Setting CVar [[s.EventDrivenLoaderEnabled:1]]
[2020.05.14-15.22.38:187][  0]LogConfig: Setting CVar [[s.WarnIfTimeLimitExceeded:0]]
[2020.05.14-15.22.38:187][  0]LogConfig: Setting CVar [[s.TimeLimitExceededMultiplier:1.5]]
[2020.05.14-15.22.38:187][  0]LogConfig: Setting CVar [[s.TimeLimitExceededMinTime:0.005]]
[2020.05.14-15.22.38:187][  0]LogConfig: Setting CVar [[s.UseBackgroundLevelStreaming:1]]
[2020.05.14-15.22.38:187][  0]LogConfig: Setting CVar [[s.PriorityAsyncLoadingExtraTime:15.0]]
[2020.05.14-15.22.38:187][  0]LogConfig: Setting CVar [[s.LevelStreamingActorsUpdateTimeLimit:5.0]]
[2020.05.14-15.22.38:187][  0]LogConfig: Setting CVar [[s.PriorityLevelStreamingActorsUpdateExtraTime:5.0]]
[2020.05.14-15.22.38:187][  0]LogConfig: Setting CVar [[s.LevelStreamingComponentsRegistrationGranularity:10]]
[2020.05.14-15.22.38:187][  0]LogConfig: Setting CVar [[s.UnregisterComponentsTimeLimit:1.0]]
[2020.05.14-15.22.38:187][  0]LogConfig: Setting CVar [[s.LevelStreamingComponentsUnregistrationGranularity:5]]
[2020.05.14-15.22.38:187][  0]LogConfig: Setting CVar [[s.FlushStreamingOnExit:1]]
[2020.05.14-15.22.38:187][  0]LogConfig: Applying CVar settings from Section [/Script/Engine.GarbageCollectionSettings] File [D:/unreal/ballrunner/Ball_runner 4.24/Saved/Config/Windows/Engine.ini]
[2020.05.14-15.22.38:187][  0]LogConfig: Setting CVar [[gc.MaxObjectsNotConsideredByGC:1]]
[2020.05.14-15.22.38:187][  0]LogConfig: Setting CVar [[gc.SizeOfPermanentObjectPool:0]]
[2020.05.14-15.22.38:187][  0]LogConfig: Setting CVar [[gc.FlushStreamingOnGC:0]]
[2020.05.14-15.22.38:187][  0]LogConfig: Setting CVar [[gc.NumRetriesBeforeForcingGC:10]]
[2020.05.14-15.22.38:187][  0]LogConfig: Setting CVar [[gc.AllowParallelGC:1]]
[2020.05.14-15.22.38:187][  0]LogConfig: Setting CVar [[gc.TimeBetweenPurgingPendingKillObjects:61.1]]
[2020.05.14-15.22.38:187][  0]LogConfig: Setting CVar [[gc.MaxObjectsInEditor:25165824]]
[2020.05.14-15.22.38:187][  0]LogConfig: Setting CVar [[gc.IncrementalBeginDestroyEnabled:1]]
[2020.05.14-15.22.38:187][  0]LogConfig: Setting CVar [[gc.CreateGCClusters:1]]
[2020.05.14-15.22.38:187][  0]LogConfig: Setting CVar [[gc.MinGCClusterSize:5]]
[2020.05.14-15.22.38:187][  0]LogConfig: Setting CVar [[gc.ActorClusteringEnabled:0]]
[2020.05.14-15.22.38:187][  0]LogConfig: Setting CVar [[gc.BlueprintClusteringEnabled:0]]
[2020.05.14-15.22.38:187][  0]LogConfig: Setting CVar [[gc.UseDisregardForGCOnDedicatedServers:0]]
[2020.05.14-15.22.38:187][  0]LogConfig: Applying CVar settings from Section [/Script/Engine.NetworkSettings] File [D:/unreal/ballrunner/Ball_runner 4.24/Saved/Config/Windows/Engine.ini]
[2020.05.14-15.22.38:187][  0]LogConfig: Applying CVar settings from Section [/Script/UnrealEd.CookerSettings] File [D:/unreal/ballrunner/Ball_runner 4.24/Saved/Config/Windows/Engine.ini]
[2020.05.14-15.22.38:191][  0]LogConfig: Applying CVar settings from Section [ViewDistanceQuality@3] File [D:/unreal/ballrunner/Ball_runner 4.24/Saved/Config/Windows/Scalability.ini]
[2020.05.14-15.22.38:191][  0]LogConfig: Setting CVar [[r.SkeletalMeshLODBias:0]]
[2020.05.14-15.22.38:191][  0]LogConfig: Setting CVar [[r.ViewDistanceScale:1.0]]
[2020.05.14-15.22.38:191][  0]LogConfig: Applying CVar settings from Section [AntiAliasingQuality@3] File [D:/unreal/ballrunner/Ball_runner 4.24/Saved/Config/Windows/Scalability.ini]
[2020.05.14-15.22.38:191][  0]LogConfig: Setting CVar [[r.PostProcessAAQuality:4]]
[2020.05.14-15.22.38:191][  0]LogConfig: Applying CVar settings from Section [ShadowQuality@3] File [D:/unreal/ballrunner/Ball_runner 4.24/Saved/Config/Windows/Scalability.ini]
[2020.05.14-15.22.38:191][  0]LogConfig: Setting CVar [[r.LightFunctionQuality:1]]
[2020.05.14-15.22.38:191][  0]LogConfig: Setting CVar [[r.ShadowQuality:5]]
[2020.05.14-15.22.38:191][  0]LogConfig: Setting CVar [[r.Shadow.CSM.MaxCascades:10]]
[2020.05.14-15.22.38:191][  0]LogConfig: Setting CVar [[r.Shadow.MaxResolution:2048]]
[2020.05.14-15.22.38:191][  0]LogConfig: Setting CVar [[r.Shadow.MaxCSMResolution:2048]]
[2020.05.14-15.22.38:191][  0]LogConfig: Setting CVar [[r.Shadow.RadiusThreshold:0.01]]
[2020.05.14-15.22.38:191][  0]LogConfig: Setting CVar [[r.Shadow.DistanceScale:1.0]]
[2020.05.14-15.22.38:191][  0]LogConfig: Setting CVar [[r.Shadow.CSM.TransitionScale:1.0]]
[2020.05.14-15.22.38:191][  0]LogConfig: Setting CVar [[r.Shadow.PreShadowResolutionFactor:1.0]]
[2020.05.14-15.22.38:191][  0]LogConfig: Setting CVar [[r.DistanceFieldShadowing:1]]
[2020.05.14-15.22.38:191][  0]LogConfig: Setting CVar [[r.DistanceFieldAO:1]]
[2020.05.14-15.22.38:191][  0]LogConfig: Setting CVar [[r.AOQuality:2]]
[2020.05.14-15.22.38:191][  0]LogConfig: Setting CVar [[r.VolumetricFog:1]]
[2020.05.14-15.22.38:191][  0]LogConfig: Setting CVar [[r.VolumetricFog.GridPixelSize:8]]
[2020.05.14-15.22.38:191][  0]LogConfig: Setting CVar [[r.VolumetricFog.GridSizeZ:128]]
[2020.05.14-15.22.38:191][  0]LogConfig: Setting CVar [[r.VolumetricFog.HistoryMissSupersampleCount:4]]
[2020.05.14-15.22.38:191][  0]LogConfig: Setting CVar [[r.LightMaxDrawDistanceScale:1]]
[2020.05.14-15.22.38:191][  0]LogConfig: Setting CVar [[r.CapsuleShadows:1]]
[2020.05.14-15.22.38:191][  0]LogConfig: Applying CVar settings from Section [PostProcessQuality@3] File [D:/unreal/ballrunner/Ball_runner 4.24/Saved/Config/Windows/Scalability.ini]
[2020.05.14-15.22.38:191][  0]LogConfig: Setting CVar [[r.MotionBlurQuality:4]]
[2020.05.14-15.22.38:191][  0]LogConfig: Setting CVar [[r.AmbientOcclusionMipLevelFactor:0.4]]
[2020.05.14-15.22.38:191][  0]LogConfig: Setting CVar [[r.AmbientOcclusionMaxQuality:100]]
[2020.05.14-15.22.38:191][  0]LogConfig: Setting CVar [[r.AmbientOcclusionLevels:-1]]
[2020.05.14-15.22.38:191][  0]LogConfig: Setting CVar [[r.AmbientOcclusionRadiusScale:1.0]]
[2020.05.14-15.22.38:191][  0]LogConfig: Setting CVar [[r.DepthOfFieldQuality:2]]
[2020.05.14-15.22.38:191][  0]LogConfig: Setting CVar [[r.RenderTargetPoolMin:400]]
[2020.05.14-15.22.38:191][  0]LogConfig: Setting CVar [[r.LensFlareQuality:2]]
[2020.05.14-15.22.38:191][  0]LogConfig: Setting CVar [[r.SceneColorFringeQuality:1]]
[2020.05.14-15.22.38:191][  0]LogConfig: Setting CVar [[r.EyeAdaptationQuality:2]]
[2020.05.14-15.22.38:192][  0]LogConfig: Setting CVar [[r.BloomQuality:5]]
[2020.05.14-15.22.38:192][  0]LogConfig: Setting CVar [[r.FastBlurThreshold:100]]
[2020.05.14-15.22.38:192][  0]LogConfig: Setting CVar [[r.Upscale.Quality:3]]
[2020.05.14-15.22.38:192][  0]LogConfig: Setting CVar [[r.Tonemapper.GrainQuantization:1]]
[2020.05.14-15.22.38:192][  0]LogConfig: Setting CVar [[r.LightShaftQuality:1]]
[2020.05.14-15.22.38:192][  0]LogConfig: Setting CVar [[r.Filter.SizeScale:1]]
[2020.05.14-15.22.38:192][  0]LogConfig: Setting CVar [[r.Tonemapper.Quality:5]]
[2020.05.14-15.22.38:192][  0]LogConfig: Setting CVar [[r.DOF.Gather.AccumulatorQuality:1        ; higher gathering accumulator quality]]
[2020.05.14-15.22.38:192][  0]LogConfig: Setting CVar [[r.DOF.Gather.PostfilterMethod:1          ; Median3x3 postfilering method]]
[2020.05.14-15.22.38:192][  0]LogConfig: Setting CVar [[r.DOF.Gather.EnableBokehSettings:0       ; no bokeh simulation when gathering]]
[2020.05.14-15.22.38:192][  0]LogConfig: Setting CVar [[r.DOF.Gather.RingCount:4                 ; medium number of samples when gathering]]
[2020.05.14-15.22.38:192][  0]LogConfig: Setting CVar [[r.DOF.Scatter.ForegroundCompositing:1    ; additive foreground scattering]]
[2020.05.14-15.22.38:192][  0]LogConfig: Setting CVar [[r.DOF.Scatter.BackgroundCompositing:2    ; additive background scattering]]
[2020.05.14-15.22.38:192][  0]LogConfig: Setting CVar [[r.DOF.Scatter.EnableBokehSettings:1      ; bokeh simulation when scattering]]
[2020.05.14-15.22.38:192][  0]LogConfig: Setting CVar [[r.DOF.Scatter.MaxSpriteRatio:0.1         ; only a maximum of 10% of scattered bokeh]]
[2020.05.14-15.22.38:192][  0]LogConfig: Setting CVar [[r.DOF.Recombine.Quality:1                ; cheap slight out of focus]]
[2020.05.14-15.22.38:192][  0]LogConfig: Setting CVar [[r.DOF.Recombine.EnableBokehSettings:0    ; no bokeh simulation on slight out of focus]]
[2020.05.14-15.22.38:192][  0]LogConfig: Setting CVar [[r.DOF.TemporalAAQuality:1                ; more stable temporal accumulation]]
[2020.05.14-15.22.38:192][  0]LogConfig: Setting CVar [[r.DOF.Kernel.MaxForegroundRadius:0.025]]
[2020.05.14-15.22.38:192][  0]LogConfig: Setting CVar [[r.DOF.Kernel.MaxBackgroundRadius:0.025]]
[2020.05.14-15.22.38:192][  0]LogConfig: Applying CVar settings from Section [TextureQuality@3] File [D:/unreal/ballrunner/Ball_runner 4.24/Saved/Config/Windows/Scalability.ini]
[2020.05.14-15.22.38:192][  0]LogConfig: Setting CVar [[r.Streaming.MipBias:0]]
[2020.05.14-15.22.38:192][  0]LogConfig: Setting CVar [[r.Streaming.AmortizeCPUToGPUCopy:0]]
[2020.05.14-15.22.38:192][  0]LogConfig: Setting CVar [[r.Streaming.MaxNumTexturesToStreamPerFrame:0]]
[2020.05.14-15.22.38:192][  0]LogConfig: Setting CVar [[r.Streaming.Boost:1]]
[2020.05.14-15.22.38:192][  0]LogConfig: Setting CVar [[r.MaxAnisotropy:8]]
[2020.05.14-15.22.38:192][  0]LogConfig: Setting CVar [[r.VT.MaxAnisotropy:8]]
[2020.05.14-15.22.38:192][  0]LogConfig: Setting CVar [[r.Streaming.LimitPoolSizeToVRAM:0]]
[2020.05.14-15.22.38:192][  0]LogConfig: Setting CVar [[r.Streaming.PoolSize:1000]]
[2020.05.14-15.22.38:192][  0]LogConfig: Setting CVar [[r.Streaming.MaxEffectiveScreenSize:0]]
[2020.05.14-15.22.38:192][  0]LogConfig: Applying CVar settings from Section [EffectsQuality@3] File [D:/unreal/ballrunner/Ball_runner 4.24/Saved/Config/Windows/Scalability.ini]
[2020.05.14-15.22.38:192][  0]LogConfig: Setting CVar [[r.TranslucencyLightingVolumeDim:64]]
[2020.05.14-15.22.38:192][  0]LogConfig: Setting CVar [[r.RefractionQuality:2]]
[2020.05.14-15.22.38:192][  0]LogConfig: Setting CVar [[r.SSR.Quality:3]]
[2020.05.14-15.22.38:192][  0]LogConfig: Setting CVar [[r.SSR.HalfResSceneColor:0]]
[2020.05.14-15.22.38:192][  0]LogConfig: Setting CVar [[r.SceneColorFormat:4]]
[2020.05.14-15.22.38:192][  0]LogConfig: Setting CVar [[r.DetailMode:2]]
[2020.05.14-15.22.38:192][  0]LogConfig: Setting CVar [[r.TranslucencyVolumeBlur:1]]
[2020.05.14-15.22.38:192][  0]LogConfig: Setting CVar [[r.MaterialQualityLevel:1 ; High quality]]
[2020.05.14-15.22.38:192][  0]LogConfig: Setting CVar [[r.SSS.Scale:1]]
[2020.05.14-15.22.38:192][  0]LogConfig: Setting CVar [[r.SSS.SampleSet:2]]
[2020.05.14-15.22.38:192][  0]LogConfig: Setting CVar [[r.SSS.Quality:1]]
[2020.05.14-15.22.38:192][  0]LogConfig: Setting CVar [[r.SSS.HalfRes:1]]
[2020.05.14-15.22.38:192][  0]LogConfig: Setting CVar [[r.SSGI.Quality:3]]
[2020.05.14-15.22.38:192][  0]LogConfig: Setting CVar [[r.EmitterSpawnRateScale:1.0]]
[2020.05.14-15.22.38:192][  0]LogConfig: Setting CVar [[r.ParticleLightQuality:2]]
[2020.05.14-15.22.38:192][  0]LogConfig: Setting CVar [[r.SkyAtmosphere.AerialPerspectiveLUT.FastApplyOnOpaque:1 ; Always have FastSkyLUT 1 in this case to avoid wrong sky]]
[2020.05.14-15.22.38:192][  0]LogConfig: Setting CVar [[r.SkyAtmosphere.AerialPerspectiveLUT.SampleCountPerSlice:1]]
[2020.05.14-15.22.38:192][  0]LogConfig: Setting CVar [[r.SkyAtmosphere.AerialPerspectiveLUT.DepthResolution:16.0]]
[2020.05.14-15.22.38:192][  0]LogConfig: Setting CVar [[r.SkyAtmosphere.FastSkyLUT:1]]
[2020.05.14-15.22.38:192][  0]LogConfig: Setting CVar [[r.SkyAtmosphere.FastSkyLUT.SampleCountMin:4.0]]
[2020.05.14-15.22.38:192][  0]LogConfig: Setting CVar [[r.SkyAtmosphere.FastSkyLUT.SampleCountMax:32.0]]
[2020.05.14-15.22.38:192][  0]LogConfig: Setting CVar [[r.SkyAtmosphere.SampleCountMin:4.0]]
[2020.05.14-15.22.38:192][  0]LogConfig: Setting CVar [[r.SkyAtmosphere.SampleCountMax:32.0]]
[2020.05.14-15.22.38:192][  0]LogConfig: Setting CVar [[r.SkyAtmosphere.TransmittanceLUT.UseSmallFormat:0]]
[2020.05.14-15.22.38:192][  0]LogConfig: Setting CVar [[r.SkyAtmosphere.TransmittanceLUT.SampleCount:10.0]]
[2020.05.14-15.22.38:192][  0]LogConfig: Setting CVar [[r.SkyAtmosphere.MultiScatteringLUT.SampleCount:15.0]]
[2020.05.14-15.22.38:192][  0]LogConfig: Applying CVar settings from Section [FoliageQuality@3] File [D:/unreal/ballrunner/Ball_runner 4.24/Saved/Config/Windows/Scalability.ini]
[2020.05.14-15.22.38:192][  0]LogConfig: Setting CVar [[foliage.DensityScale:1.0]]
[2020.05.14-15.22.38:192][  0]LogConfig: Setting CVar [[grass.DensityScale:1.0]]
[2020.05.14-15.22.38:192][  0]LogConfig: Applying CVar settings from Section [ShadingQuality@3] File [D:/unreal/ballrunner/Ball_runner 4.24/Saved/Config/Windows/Scalability.ini]
[2020.05.14-15.22.38:192][  0]LogConfig: Setting CVar [[r.HairStrands.SkyLighting.SampleCount:16]]
[2020.05.14-15.22.38:192][  0]LogConfig: Setting CVar [[r.HairStrands.SkyLighting.JitterIntegration:0]]
[2020.05.14-15.22.38:192][  0]LogConfig: Setting CVar [[r.HairStrands.SkyAO.SampleCount:16]]
[2020.05.14-15.22.38:193][  0]LogInit: Selected Device Profile: [Windows]
[2020.05.14-15.22.38:193][  0]LogInit: Applying CVar settings loaded from the selected device profile: [Windows]
[2020.05.14-15.22.38:195][  0]LogHAL: Display: Platform has ~ 16 GB [17057812480 / 17179869184 / 16], which maps to Larger [LargestMinGB=32, LargerMinGB=12, DefaultMinGB=8, SmallerMinGB=6, SmallestMinGB=0)
[2020.05.14-15.22.38:195][  0]LogInit: Going up to parent DeviceProfile []
[2020.05.14-15.22.38:195][  0]LogConfig: Applying CVar settings from Section [ViewDistanceQuality@3] File [D:/unreal/ballrunner/Ball_runner 4.24/Saved/Config/Windows/Scalability.ini]
[2020.05.14-15.22.38:195][  0]LogConfig: Setting CVar [[r.SkeletalMeshLODBias:0]]
[2020.05.14-15.22.38:195][  0]LogConfig: Setting CVar [[r.ViewDistanceScale:1.0]]
[2020.05.14-15.22.38:195][  0]LogConfig: Applying CVar settings from Section [AntiAliasingQuality@3] File [D:/unreal/ballrunner/Ball_runner 4.24/Saved/Config/Windows/Scalability.ini]
[2020.05.14-15.22.38:195][  0]LogConfig: Setting CVar [[r.PostProcessAAQuality:4]]
[2020.05.14-15.22.38:195][  0]LogConfig: Applying CVar settings from Section [ShadowQuality@3] File [D:/unreal/ballrunner/Ball_runner 4.24/Saved/Config/Windows/Scalability.ini]
[2020.05.14-15.22.38:195][  0]LogConfig: Setting CVar [[r.LightFunctionQuality:1]]
[2020.05.14-15.22.38:195][  0]LogConfig: Setting CVar [[r.ShadowQuality:5]]
[2020.05.14-15.22.38:195][  0]LogConfig: Setting CVar [[r.Shadow.CSM.MaxCascades:10]]
[2020.05.14-15.22.38:195][  0]LogConfig: Setting CVar [[r.Shadow.MaxResolution:2048]]
[2020.05.14-15.22.38:195][  0]LogConfig: Setting CVar [[r.Shadow.MaxCSMResolution:2048]]
[2020.05.14-15.22.38:195][  0]LogConfig: Setting CVar [[r.Shadow.RadiusThreshold:0.01]]
[2020.05.14-15.22.38:195][  0]LogConfig: Setting CVar [[r.Shadow.DistanceScale:1.0]]
[2020.05.14-15.22.38:195][  0]LogConfig: Setting CVar [[r.Shadow.CSM.TransitionScale:1.0]]
[2020.05.14-15.22.38:195][  0]LogConfig: Setting CVar [[r.Shadow.PreShadowResolutionFactor:1.0]]
[2020.05.14-15.22.38:195][  0]LogConfig: Setting CVar [[r.DistanceFieldShadowing:1]]
[2020.05.14-15.22.38:195][  0]LogConfig: Setting CVar [[r.DistanceFieldAO:1]]
[2020.05.14-15.22.38:195][  0]LogConfig: Setting CVar [[r.AOQuality:2]]
[2020.05.14-15.22.38:195][  0]LogConfig: Setting CVar [[r.VolumetricFog:1]]
[2020.05.14-15.22.38:196][  0]LogConfig: Setting CVar [[r.VolumetricFog.GridPixelSize:8]]
[2020.05.14-15.22.38:196][  0]LogConfig: Setting CVar [[r.VolumetricFog.GridSizeZ:128]]
[2020.05.14-15.22.38:196][  0]LogConfig: Setting CVar [[r.VolumetricFog.HistoryMissSupersampleCount:4]]
[2020.05.14-15.22.38:196][  0]LogConfig: Setting CVar [[r.LightMaxDrawDistanceScale:1]]
[2020.05.14-15.22.38:196][  0]LogConfig: Setting CVar [[r.CapsuleShadows:1]]
[2020.05.14-15.22.38:196][  0]LogConfig: Applying CVar settings from Section [PostProcessQuality@3] File [D:/unreal/ballrunner/Ball_runner 4.24/Saved/Config/Windows/Scalability.ini]
[2020.05.14-15.22.38:196][  0]LogConfig: Setting CVar [[r.MotionBlurQuality:4]]
[2020.05.14-15.22.38:196][  0]LogConfig: Setting CVar [[r.AmbientOcclusionMipLevelFactor:0.4]]
[2020.05.14-15.22.38:196][  0]LogConfig: Setting CVar [[r.AmbientOcclusionMaxQuality:100]]
[2020.05.14-15.22.38:196][  0]LogConfig: Setting CVar [[r.AmbientOcclusionLevels:-1]]
[2020.05.14-15.22.38:196][  0]LogConfig: Setting CVar [[r.AmbientOcclusionRadiusScale:1.0]]
[2020.05.14-15.22.38:196][  0]LogConfig: Setting CVar [[r.DepthOfFieldQuality:2]]
[2020.05.14-15.22.38:196][  0]LogConfig: Setting CVar [[r.RenderTargetPoolMin:400]]
[2020.05.14-15.22.38:196][  0]LogConfig: Setting CVar [[r.LensFlareQuality:2]]
[2020.05.14-15.22.38:196][  0]LogConfig: Setting CVar [[r.SceneColorFringeQuality:1]]
[2020.05.14-15.22.38:196][  0]LogConfig: Setting CVar [[r.EyeAdaptationQuality:2]]
[2020.05.14-15.22.38:196][  0]LogConfig: Setting CVar [[r.BloomQuality:5]]
[2020.05.14-15.22.38:196][  0]LogConfig: Setting CVar [[r.FastBlurThreshold:100]]
[2020.05.14-15.22.38:196][  0]LogConfig: Setting CVar [[r.Upscale.Quality:3]]
[2020.05.14-15.22.38:196][  0]LogConfig: Setting CVar [[r.Tonemapper.GrainQuantization:1]]
[2020.05.14-15.22.38:196][  0]LogConfig: Setting CVar [[r.LightShaftQuality:1]]
[2020.05.14-15.22.38:196][  0]LogConfig: Setting CVar [[r.Filter.SizeScale:1]]
[2020.05.14-15.22.38:196][  0]LogConfig: Setting CVar [[r.Tonemapper.Quality:5]]
[2020.05.14-15.22.38:196][  0]LogConfig: Setting CVar [[r.DOF.Gather.AccumulatorQuality:1        ; higher gathering accumulator quality]]
[2020.05.14-15.22.38:196][  0]LogConfig: Setting CVar [[r.DOF.Gather.PostfilterMethod:1          ; Median3x3 postfilering method]]
[2020.05.14-15.22.38:196][  0]LogConfig: Setting CVar [[r.DOF.Gather.EnableBokehSettings:0       ; no bokeh simulation when gathering]]
[2020.05.14-15.22.38:196][  0]LogConfig: Setting CVar [[r.DOF.Gather.RingCount:4                 ; medium number of samples when gathering]]
[2020.05.14-15.22.38:196][  0]LogConfig: Setting CVar [[r.DOF.Scatter.ForegroundCompositing:1    ; additive foreground scattering]]
[2020.05.14-15.22.38:196][  0]LogConfig: Setting CVar [[r.DOF.Scatter.BackgroundCompositing:2    ; additive background scattering]]
[2020.05.14-15.22.38:196][  0]LogConfig: Setting CVar [[r.DOF.Scatter.EnableBokehSettings:1      ; bokeh simulation when scattering]]
[2020.05.14-15.22.38:196][  0]LogConfig: Setting CVar [[r.DOF.Scatter.MaxSpriteRatio:0.1         ; only a maximum of 10% of scattered bokeh]]
[2020.05.14-15.22.38:196][  0]LogConfig: Setting CVar [[r.DOF.Recombine.Quality:1                ; cheap slight out of focus]]
[2020.05.14-15.22.38:196][  0]LogConfig: Setting CVar [[r.DOF.Recombine.EnableBokehSettings:0    ; no bokeh simulation on slight out of focus]]
[2020.05.14-15.22.38:196][  0]LogConfig: Setting CVar [[r.DOF.TemporalAAQuality:1                ; more stable temporal accumulation]]
[2020.05.14-15.22.38:196][  0]LogConfig: Setting CVar [[r.DOF.Kernel.MaxForegroundRadius:0.025]]
[2020.05.14-15.22.38:196][  0]LogConfig: Setting CVar [[r.DOF.Kernel.MaxBackgroundRadius:0.025]]
[2020.05.14-15.22.38:196][  0]LogConfig: Applying CVar settings from Section [TextureQuality@3] File [D:/unreal/ballrunner/Ball_runner 4.24/Saved/Config/Windows/Scalability.ini]
[2020.05.14-15.22.38:196][  0]LogConfig: Setting CVar [[r.Streaming.MipBias:0]]
[2020.05.14-15.22.38:196][  0]LogConfig: Setting CVar [[r.Streaming.AmortizeCPUToGPUCopy:0]]
[2020.05.14-15.22.38:196][  0]LogConfig: Setting CVar [[r.Streaming.MaxNumTexturesToStreamPerFrame:0]]
[2020.05.14-15.22.38:196][  0]LogConfig: Setting CVar [[r.Streaming.Boost:1]]
[2020.05.14-15.22.38:196][  0]LogConfig: Setting CVar [[r.MaxAnisotropy:8]]
[2020.05.14-15.22.38:196][  0]LogConfig: Setting CVar [[r.VT.MaxAnisotropy:8]]
[2020.05.14-15.22.38:196][  0]LogConfig: Setting CVar [[r.Streaming.LimitPoolSizeToVRAM:0]]
[2020.05.14-15.22.38:196][  0]LogConfig: Setting CVar [[r.Streaming.PoolSize:1000]]
[2020.05.14-15.22.38:196][  0]LogConfig: Setting CVar [[r.Streaming.MaxEffectiveScreenSize:0]]
[2020.05.14-15.22.38:196][  0]LogConfig: Applying CVar settings from Section [EffectsQuality@3] File [D:/unreal/ballrunner/Ball_runner 4.24/Saved/Config/Windows/Scalability.ini]
[2020.05.14-15.22.38:196][  0]LogConfig: Setting CVar [[r.TranslucencyLightingVolumeDim:64]]
[2020.05.14-15.22.38:196][  0]LogConfig: Setting CVar [[r.RefractionQuality:2]]
[2020.05.14-15.22.38:196][  0]LogConfig: Setting CVar [[r.SSR.Quality:3]]
[2020.05.14-15.22.38:196][  0]LogConfig: Setting CVar [[r.SSR.HalfResSceneColor:0]]
[2020.05.14-15.22.38:196][  0]LogConfig: Setting CVar [[r.SceneColorFormat:4]]
[2020.05.14-15.22.38:196][  0]LogConfig: Setting CVar [[r.DetailMode:2]]
[2020.05.14-15.22.38:196][  0]LogConfig: Setting CVar [[r.TranslucencyVolumeBlur:1]]
[2020.05.14-15.22.38:196][  0]LogConfig: Setting CVar [[r.MaterialQualityLevel:1 ; High quality]]
[2020.05.14-15.22.38:196][  0]LogConfig: Setting CVar [[r.SSS.Scale:1]]
[2020.05.14-15.22.38:196][  0]LogConfig: Setting CVar [[r.SSS.SampleSet:2]]
[2020.05.14-15.22.38:196][  0]LogConfig: Setting CVar [[r.SSS.Quality:1]]
[2020.05.14-15.22.38:196][  0]LogConfig: Setting CVar [[r.SSS.HalfRes:1]]
[2020.05.14-15.22.38:196][  0]LogConfig: Setting CVar [[r.SSGI.Quality:3]]
[2020.05.14-15.22.38:196][  0]LogConfig: Setting CVar [[r.EmitterSpawnRateScale:1.0]]
[2020.05.14-15.22.38:196][  0]LogConfig: Setting CVar [[r.ParticleLightQuality:2]]
[2020.05.14-15.22.38:196][  0]LogConfig: Setting CVar [[r.SkyAtmosphere.AerialPerspectiveLUT.FastApplyOnOpaque:1 ; Always have FastSkyLUT 1 in this case to avoid wrong sky]]
[2020.05.14-15.22.38:196][  0]LogConfig: Setting CVar [[r.SkyAtmosphere.AerialPerspectiveLUT.SampleCountPerSlice:1]]
[2020.05.14-15.22.38:196][  0]LogConfig: Setting CVar [[r.SkyAtmosphere.AerialPerspectiveLUT.DepthResolution:16.0]]
[2020.05.14-15.22.38:197][  0]LogConfig: Setting CVar [[r.SkyAtmosphere.FastSkyLUT:1]]
[2020.05.14-15.22.38:197][  0]LogConfig: Setting CVar [[r.SkyAtmosphere.FastSkyLUT.SampleCountMin:4.0]]
[2020.05.14-15.22.38:197][  0]LogConfig: Setting CVar [[r.SkyAtmosphere.FastSkyLUT.SampleCountMax:32.0]]
[2020.05.14-15.22.38:197][  0]LogConfig: Setting CVar [[r.SkyAtmosphere.SampleCountMin:4.0]]
[2020.05.14-15.22.38:197][  0]LogConfig: Setting CVar [[r.SkyAtmosphere.SampleCountMax:32.0]]
[2020.05.14-15.22.38:197][  0]LogConfig: Setting CVar [[r.SkyAtmosphere.TransmittanceLUT.UseSmallFormat:0]]
[2020.05.14-15.22.38:197][  0]LogConfig: Setting CVar [[r.SkyAtmosphere.TransmittanceLUT.SampleCount:10.0]]
[2020.05.14-15.22.38:197][  0]LogConfig: Setting CVar [[r.SkyAtmosphere.MultiScatteringLUT.SampleCount:15.0]]
[2020.05.14-15.22.38:197][  0]LogConfig: Applying CVar settings from Section [FoliageQuality@3] File [D:/unreal/ballrunner/Ball_runner 4.24/Saved/Config/Windows/Scalability.ini]
[2020.05.14-15.22.38:197][  0]LogConfig: Setting CVar [[foliage.DensityScale:1.0]]
[2020.05.14-15.22.38:197][  0]LogConfig: Setting CVar [[grass.DensityScale:1.0]]
[2020.05.14-15.22.38:197][  0]LogConfig: Applying CVar settings from Section [ShadingQuality@3] File [D:/unreal/ballrunner/Ball_runner 4.24/Saved/Config/Windows/Scalability.ini]
[2020.05.14-15.22.38:197][  0]LogConfig: Setting CVar [[r.HairStrands.SkyLighting.SampleCount:16]]
[2020.05.14-15.22.38:197][  0]LogConfig: Setting CVar [[r.HairStrands.SkyLighting.JitterIntegration:0]]
[2020.05.14-15.22.38:197][  0]LogConfig: Setting CVar [[r.HairStrands.SkyAO.SampleCount:16]]
[2020.05.14-15.22.38:197][  0]LogConfig: Applying CVar settings from Section [Startup] File [../../../Engine/Config/ConsoleVariables.ini]
[2020.05.14-15.22.38:197][  0]LogConfig: Setting CVar [[net.UseAdaptiveNetUpdateFrequency:0]]
[2020.05.14-15.22.38:197][  0]LogConfig: Setting CVar [[p.chaos.AllowCreatePhysxBodies:1]]
[2020.05.14-15.22.38:197][  0]LogConfig: Applying CVar settings from Section [ConsoleVariables] File [D:/unreal/ballrunner/Ball_runner 4.24/Saved/Config/Windows/Engine.ini]
[2020.05.14-15.22.38:197][  0]LogInit: Computer: LAPTOP-15HL8GP9
[2020.05.14-15.22.38:197][  0]LogInit: User: kinia
[2020.05.14-15.22.38:197][  0]LogInit: CPU Page size=4096, Cores=4
[2020.05.14-15.22.38:197][  0]LogInit: High frequency timer resolution =10.000000 MHz
[2020.05.14-15.22.38:198][  0]LogMemory: Memory total: Physical=15.9GB (16GB approx)
[2020.05.14-15.22.38:198][  0]LogMemory: Platform Memory Stats for Windows
[2020.05.14-15.22.38:198][  0]LogMemory: Process Physical Memory: 104.24 MB used, 104.24 MB peak
[2020.05.14-15.22.38:198][  0]LogMemory: Process Virtual Memory: 100.70 MB used, 100.70 MB peak
[2020.05.14-15.22.38:198][  0]LogMemory: Physical Memory: 6493.81 MB used,  9773.79 MB free, 16267.60 MB total
[2020.05.14-15.22.38:198][  0]LogMemory: Virtual Memory: 5103.25 MB used,  134212624.00 MB free, 134217728.00 MB total
[2020.05.14-15.22.38:201][  0]LogWindows: WindowsPlatformFeatures enabled
[2020.05.14-15.22.38:227][  0]LogInit: Using OS detected language (pl-PL).
[2020.05.14-15.22.38:227][  0]LogInit: Using OS detected locale (pl-PL).
[2020.05.14-15.22.38:229][  0]LogTextLocalizationManager: No specific localization for 'pl-PL' exists, so the 'pl' localization will be used.
[2020.05.14-15.22.38:229][  0]LogTextLocalizationResource: LocRes '../../../Engine/Content/Localization/Editor/pl/Editor.locres' could not be opened for reading!
[2020.05.14-15.22.38:229][  0]LogTextLocalizationResource: LocRes '../../../Engine/Content/Localization/EditorTutorials/pl/EditorTutorials.locres' could not be opened for reading!
[2020.05.14-15.22.38:229][  0]LogTextLocalizationResource: LocRes '../../../Engine/Content/Localization/Keywords/pl/Keywords.locres' could not be opened for reading!
[2020.05.14-15.22.38:229][  0]LogTextLocalizationResource: LocRes '../../../Engine/Content/Localization/Category/pl/Category.locres' could not be opened for reading!
[2020.05.14-15.22.38:229][  0]LogTextLocalizationResource: LocRes '../../../Engine/Content/Localization/ToolTips/pl/ToolTips.locres' could not be opened for reading!
[2020.05.14-15.22.38:230][  0]LogTextLocalizationResource: LocRes '../../../Engine/Content/Localization/PropertyNames/pl/PropertyNames.locres' could not be opened for reading!
[2020.05.14-15.22.38:230][  0]LogTextLocalizationResource: LocRes '../../../Engine/Content/Localization/Engine/pl/Engine.locres' could not be opened for reading!
[2020.05.14-15.22.38:231][  0]LogInit: Setting process to per monitor DPI aware
[2020.05.14-15.22.38:268][  0]LogSlate: New Slate User Created.  User Index 0, Is Virtual User: 0
[2020.05.14-15.22.38:268][  0]LogSlate: Slate User Registered.  User Index 0, Is Virtual User: 0
[2020.05.14-15.22.38:615][  0]LogHMD: Failed to initialize OpenVR with code 110
[2020.05.14-15.22.38:615][  0]LogD3D11RHI: D3D11 min allowed feature level: 11_0
[2020.05.14-15.22.38:615][  0]LogD3D11RHI: D3D11 max allowed feature level: 11_0
[2020.05.14-15.22.38:615][  0]LogD3D11RHI: D3D11 adapters:
[2020.05.14-15.22.38:666][  0]LogD3D11RHI:    0. 'NVIDIA GeForce GTX 1050 Ti' (Feature Level 11_0)
[2020.05.14-15.22.38:666][  0]LogD3D11RHI:       4029/0/8133 MB DedicatedVideo/DedicatedSystem/SharedSystem, Outputs:2, VendorId:0x10de
[2020.05.14-15.22.38:677][  0]LogD3D11RHI:    1. 'Intel(R) HD Graphics 630' (Feature Level 11_0)
[2020.05.14-15.22.38:677][  0]LogD3D11RHI:       128/0/8133 MB DedicatedVideo/DedicatedSystem/SharedSystem, Outputs:0, VendorId:0x8086
[2020.05.14-15.22.38:680][  0]LogD3D11RHI:    2. 'Microsoft Basic Render Driver' (Feature Level 11_0)
[2020.05.14-15.22.38:680][  0]LogD3D11RHI:       0/0/8133 MB DedicatedVideo/DedicatedSystem/SharedSystem, Outputs:0, VendorId:0x1414
[2020.05.14-15.22.38:680][  0]LogD3D11RHI: Chosen D3D11 Adapter: 0
[2020.05.14-15.22.38:733][  0]LogD3D11RHI: Creating new Direct3DDevice
[2020.05.14-15.22.38:733][  0]LogD3D11RHI:     GPU DeviceId: 0x1c8c (for the marketing name, search the web for "GPU Device Id")
[2020.05.14-15.22.38:733][  0]LogWindows: EnumDisplayDevices:
[2020.05.14-15.22.38:734][  0]LogWindows:    0. 'Intel(R) HD Graphics 630' (P:1 D:1)
[2020.05.14-15.22.38:734][  0]LogWindows:    1. 'Intel(R) HD Graphics 630' (P:0 D:0)
[2020.05.14-15.22.38:735][  0]LogWindows:    2. 'Intel(R) HD Graphics 630' (P:0 D:0)
[2020.05.14-15.22.38:735][  0]LogWindows:    3. 'NVIDIA GeForce GTX 1050 Ti' (P:0 D:1)
[2020.05.14-15.22.38:735][  0]LogWindows: DebugString: PrimaryIsNotTheChoosenAdapter PrimaryIsNotTheChoosenAdapter PrimaryIsNotTheChoosenAdapter 
[2020.05.14-15.22.38:736][  0]LogD3D11RHI:     Adapter Name: NVIDIA GeForce GTX 1050 Ti
[2020.05.14-15.22.38:736][  0]LogD3D11RHI:   Driver Version: 388.16 (internal:23.21.13.8816, unified:388.16)
[2020.05.14-15.22.38:736][  0]LogD3D11RHI:      Driver Date: 10-30-2017
[2020.05.14-15.22.38:736][  0]LogRHI: Texture pool is 2820 MB (70% of 4029 MB)
[2020.05.14-15.22.38:766][  0]LogD3D11RHI: RHI has support for 64 bit atomics
[2020.05.14-15.22.38:766][  0]LogD3D11RHI: Async texture creation enabled
[2020.05.14-15.22.38:781][  0]LogD3D11RHI: GPU Timing Frequency: 1000.000000 (Debug: 2 1)
[2020.05.14-15.22.39:149][  0]LogTargetPlatformManager: Display: Loaded TargetPlatform 'AllDesktop'
[2020.05.14-15.22.39:180][  0]LogTargetPlatformManager: Display: Loaded TargetPlatform 'Android'
[2020.05.14-15.22.39:180][  0]LogTargetPlatformManager: Display: Loaded TargetPlatform 'Android_ASTC'
[2020.05.14-15.22.39:180][  0]LogTargetPlatformManager: Display: Loaded TargetPlatform 'Android_ATC'
[2020.05.14-15.22.39:180][  0]LogTargetPlatformManager: Display: Loaded TargetPlatform 'Android_DXT'
[2020.05.14-15.22.39:180][  0]LogTargetPlatformManager: Display: Loaded TargetPlatform 'Android_ETC1'
[2020.05.14-15.22.39:180][  0]LogTargetPlatformManager: Display: Loaded TargetPlatform 'Android_ETC1a'
[2020.05.14-15.22.39:180][  0]LogTargetPlatformManager: Display: Loaded TargetPlatform 'Android_ETC2'
[2020.05.14-15.22.39:180][  0]LogTargetPlatformManager: Display: Loaded TargetPlatform 'Android_PVRTC'
[2020.05.14-15.22.39:180][  0]LogTargetPlatformManager: Display: Loaded TargetPlatform 'AndroidClient'
[2020.05.14-15.22.39:180][  0]LogTargetPlatformManager: Display: Loaded TargetPlatform 'Android_ASTCClient'
[2020.05.14-15.22.39:180][  0]LogTargetPlatformManager: Display: Loaded TargetPlatform 'Android_ATCClient'
[2020.05.14-15.22.39:180][  0]LogTargetPlatformManager: Display: Loaded TargetPlatform 'Android_DXTClient'
[2020.05.14-15.22.39:180][  0]LogTargetPlatformManager: Display: Loaded TargetPlatform 'Android_ETC1Client'
[2020.05.14-15.22.39:180][  0]LogTargetPlatformManager: Display: Loaded TargetPlatform 'Android_ETC1aClient'
[2020.05.14-15.22.39:180][  0]LogTargetPlatformManager: Display: Loaded TargetPlatform 'Android_ETC2Client'
[2020.05.14-15.22.39:180][  0]LogTargetPlatformManager: Display: Loaded TargetPlatform 'Android_PVRTCClient'
[2020.05.14-15.22.39:180][  0]LogTargetPlatformManager: Display: Loaded TargetPlatform 'Android_Multi'
[2020.05.14-15.22.39:180][  0]LogTargetPlatformManager: Display: Loaded TargetPlatform 'Android_MultiClient'
[2020.05.14-15.22.39:199][  0]LogTargetPlatformManager: Display: Loaded TargetPlatform 'IOSClient'
[2020.05.14-15.22.39:199][  0]LogTargetPlatformManager: Display: Loaded TargetPlatform 'IOS'
[2020.05.14-15.22.39:206][  0]LogTargetPlatformManager: Display: Loaded TargetPlatform 'LinuxNoEditor'
[2020.05.14-15.22.39:213][  0]LogTargetPlatformManager: Display: Loaded TargetPlatform 'LinuxClient'
[2020.05.14-15.22.39:220][  0]LogTargetPlatformManager: Display: Loaded TargetPlatform 'LinuxServer'
[2020.05.14-15.22.39:227][  0]LogTargetPlatformManager: Display: Loaded TargetPlatform 'LinuxAArch64NoEditor'
[2020.05.14-15.22.39:235][  0]LogTargetPlatformManager: Display: Loaded TargetPlatform 'LinuxAArch64Client'
[2020.05.14-15.22.39:241][  0]LogTargetPlatformManager: Display: Loaded TargetPlatform 'LinuxAArch64Server'
[2020.05.14-15.22.39:264][  0]LogTargetPlatformManager: Display: Loaded TargetPlatform 'Lumin'
[2020.05.14-15.22.39:264][  0]LogTargetPlatformManager: Display: Loaded TargetPlatform 'LuminClient'
[2020.05.14-15.22.39:280][  0]LogTargetPlatformManager: Display: Loaded TargetPlatform 'TVOSClient'
[2020.05.14-15.22.39:280][  0]LogTargetPlatformManager: Display: Loaded TargetPlatform 'TVOS'
[2020.05.14-15.22.39:287][  0]LogTargetPlatformManager: Display: Loaded TargetPlatform 'WindowsNoEditor'
[2020.05.14-15.22.39:296][  0]LogTargetPlatformManager: Display: Loaded TargetPlatform 'Windows'
[2020.05.14-15.22.39:303][  0]LogTargetPlatformManager: Display: Loaded TargetPlatform 'WindowsClient'
[2020.05.14-15.22.39:310][  0]LogTargetPlatformManager: Display: Loaded TargetPlatform 'WindowsServer'
[2020.05.14-15.22.39:310][  0]LogTargetPlatformManager: Display: Building Assets For Windows
[2020.05.14-15.22.39:313][  0]LogAudioDebug: Display: Lib vorbis DLL was dynamically loaded.
[2020.05.14-15.22.39:338][  0]LogShaderCompilers: Guid format shader working directory is -1 characters bigger than the processId version (../../../../unreal/ballrunner/Ball_runner 4.24/Intermediate/Shaders/WorkingDirectory/24912/).
[2020.05.14-15.22.39:338][  0]LogShaderCompilers: Cleaned the shader compiler working directory 'C:/Users/kinia/AppData/Local/Temp/UnrealShaderWorkingDir/719B075F45519BD11F7216822909C0CF/'.
[2020.05.14-15.22.39:339][  0]LogXGEController: Cannot use XGE Controller as Incredibuild is not installed on this machine.
[2020.05.14-15.22.39:339][  0]LogShaderCompilers: Cannot use XGE Shader Compiler as Incredibuild is not installed on this machine.
[2020.05.14-15.22.39:339][  0]LogShaderCompilers: Display: Using Local Shader Compiler.
[2020.05.14-15.22.40:117][  0]LogDerivedDataCache: Display: Max Cache Size: 512 MB
[2020.05.14-15.22.40:169][  0]LogDerivedDataCache: Loaded boot cache 0.05s 78MB C:/Users/kinia/AppData/Local/UnrealEngine/4.24/DerivedDataCache/Boot.ddc.
[2020.05.14-15.22.40:169][  0]LogDerivedDataCache: Display: Loaded Boot cache: C:/Users/kinia/AppData/Local/UnrealEngine/4.24/DerivedDataCache/Boot.ddc
[2020.05.14-15.22.40:169][  0]LogDerivedDataCache: FDerivedDataBackendGraph:  Pak pak cache file ../../../../unreal/ballrunner/Ball_runner 4.24/DerivedDataCache/DDC.ddp not found, will not use a pak cache.
[2020.05.14-15.22.40:169][  0]LogDerivedDataCache: Unable to find inner node Pak for hierarchical cache Hierarchy.
[2020.05.14-15.22.40:169][  0]LogDerivedDataCache: FDerivedDataBackendGraph:  CompressedPak pak cache file ../../../../unreal/ballrunner/Ball_runner 4.24/DerivedDataCache/Compressed.ddp not found, will not use a pak cache.
[2020.05.14-15.22.40:169][  0]LogDerivedDataCache: Unable to find inner node CompressedPak for hierarchical cache Hierarchy.
[2020.05.14-15.22.40:180][  0]LogDerivedDataCache: Display: Pak cache opened for reading ../../../Engine/DerivedDataCache/Compressed.ddp.
[2020.05.14-15.22.40:180][  0]LogDerivedDataCache: FDerivedDataBackendGraph:  EnterprisePak pak cache file ../../../Enterprise/DerivedDataCache/Compressed.ddp not found, will not use a pak cache.
[2020.05.14-15.22.40:180][  0]LogDerivedDataCache: Unable to find inner node EnterprisePak for hierarchical cache Hierarchy.
[2020.05.14-15.22.40:181][  0]LogDerivedDataCache: Using Local data cache path C:/Users/kinia/AppData/Local/UnrealEngine/Common/DerivedDataCache: Writable
[2020.05.14-15.22.40:181][  0]LogDerivedDataCache: Shared data cache path not found in *engine.ini, will not use an Shared cache.
[2020.05.14-15.22.40:181][  0]LogDerivedDataCache: Unable to find inner node Shared for hierarchical cache Hierarchy.
[2020.05.14-15.22.40:208][  0]LogMaterial: Verifying Global Shaders for PCD3D_SM5
[2020.05.14-15.22.40:211][  0]LogSlate: Using FreeType 2.10.0
[2020.05.14-15.22.40:212][  0]LogSlate: SlateFontServices - WITH_FREETYPE: 1, WITH_HARFBUZZ: 1
[2020.05.14-15.22.40:290][  0]LogAssetRegistry: FAssetRegistry took 0.0027 seconds to start up
[2020.05.14-15.22.40:606][  0]LogInit: Selected Device Profile: [Windows]
[2020.05.14-15.22.40:766][  0]LogMeshReduction: Using QuadricMeshReduction for automatic static mesh reduction
[2020.05.14-15.22.40:766][  0]LogMeshReduction: Using SimplygonMeshReduction for automatic skeletal mesh reduction
[2020.05.14-15.22.40:766][  0]LogMeshReduction: Using ProxyLODMeshReduction for automatic mesh merging
[2020.05.14-15.22.40:766][  0]LogMeshReduction: No distributed automatic mesh merging module available
[2020.05.14-15.22.40:766][  0]LogMeshMerging: No distributed automatic mesh merging module available
[2020.05.14-15.22.40:780][  0]LogNetVersion: Ball_runner_Kinga_Makowska 1.0.0, NetCL: 10570792, EngineNetVer: 13, GameNetVer: 0 (Checksum: 3803468598)
[2020.05.14-15.22.42:116][  0]LogPackageLocalizationCache: Processed 10 localized package path(s) for 1 prioritized culture(s) in 0.069638 seconds
[2020.05.14-15.22.42:122][  0]LogUObjectArray: 46750 objects as part of root set at end of initial load.
[2020.05.14-15.22.42:123][  0]LogUObjectAllocator: 8137160 out of 0 bytes used by permanent object pool.
[2020.05.14-15.22.42:123][  0]LogUObjectArray: CloseDisregardForGC: 0/0 objects in disregard for GC pool
[2020.05.14-15.22.42:526][  0]LogTcpMessaging: Initializing TcpMessaging bridge
[2020.05.14-15.22.42:529][  0]LogUdpMessaging: Initializing bridge on interface 0.0.0.0:0 to multicast group 230.0.0.1:6666.
[2020.05.14-15.22.42:581][  0]SourceControl: Source control is disabled
[2020.05.14-15.22.42:581][  0]SourceControl: Source control is disabled
[2020.05.14-15.22.42:582][  0]SourceControl: Source control is disabled
[2020.05.14-15.22.42:583][  0]SourceControl: Source control is disabled
[2020.05.14-15.22.42:584][  0]SourceControl: Source control is disabled
[2020.05.14-15.22.42:670][  0]LogAndroidPermission: UAndroidPermissionCallbackProxy::GetInstance
[2020.05.14-15.22.42:682][  0]LogAudioCaptureCore: Display: No Audio Capture implementations found. Audio input will be silent.
[2020.05.14-15.22.42:682][  0]LogAudioCaptureCore: Display: No Audio Capture implementations found. Audio input will be silent.
[2020.05.14-15.22.42:767][  0]LogOcInput: OculusInput pre-init called
[2020.05.14-15.22.42:774][  0]LogWindows: Failed to load 'OVRPlugin.dll' (GetLastError=126)
[2020.05.14-15.22.42:774][  0]LogWindows: File 'OVRPlugin.dll' does not exist
[2020.05.14-15.22.42:843][  0]LogEngine: Initializing Engine...
[2020.05.14-15.22.42:844][  0]LogHMD: Failed to initialize OpenVR with code 110
[2020.05.14-15.22.42:845][  0]LogStats: UGameplayTagsManager::InitializeManager -  0.000 s
[2020.05.14-15.22.43:186][  0]LogInit: Initializing FReadOnlyCVARCache
[2020.05.14-15.22.43:193][  0]LogAIModule: Creating AISystem for world Untitled
[2020.05.14-15.22.43:198][  0]LogAudioMixer: Display: Audio Mixer Platform Settings:
[2020.05.14-15.22.43:198][  0]LogAudioMixer: Display: 	Sample Rate:						  48000
[2020.05.14-15.22.43:198][  0]LogAudioMixer: Display: 	Callback Buffer Frame Size Requested: 1024
[2020.05.14-15.22.43:198][  0]LogAudioMixer: Display: 	Callback Buffer Frame Size To Use:	  1024
[2020.05.14-15.22.43:198][  0]LogAudioMixer: Display: 	Number of buffers to queue:			  2
[2020.05.14-15.22.43:198][  0]LogAudioMixer: Display: 	Max Channels (voices):				  32
[2020.05.14-15.22.43:198][  0]LogAudioMixer: Display: 	Number of Async Source Workers:		  0
[2020.05.14-15.22.43:198][  0]LogAudio: Display: AudioDevice MaxSources: 32
[2020.05.14-15.22.43:198][  0]LogAudio: Display: Using built-in audio occlusion.
[2020.05.14-15.22.43:198][  0]LogAudioMixer: Display: Initializing audio mixer.
[2020.05.14-15.22.43:216][  0]LogAudioMixer: Display: Audio Device Output Speaker Info:
[2020.05.14-15.22.43:217][  0]LogAudioMixer: Display: Name: Speakers (Realtek High Definition Audio(SST))
[2020.05.14-15.22.43:217][  0]LogAudioMixer: Display: Is Default: Yes
[2020.05.14-15.22.43:217][  0]LogAudioMixer: Display: Sample Rate: 48000
[2020.05.14-15.22.43:217][  0]LogAudioMixer: Display: Channel Count Used: 2
[2020.05.14-15.22.43:217][  0]LogAudioMixer: Display: Device Channel Count: 2
[2020.05.14-15.22.43:217][  0]LogAudioMixer: Display: Channel Order:
[2020.05.14-15.22.43:217][  0]LogAudioMixer: Display: 0: FrontLeft
[2020.05.14-15.22.43:217][  0]LogAudioMixer: Display: 1: FrontRight
[2020.05.14-15.22.44:106][  0]LogAudioMixer: Display: Using Audio Device Speakers (Realtek High Definition Audio(SST))
[2020.05.14-15.22.44:109][  0]LogInit: FAudioDevice initialized.
[2020.05.14-15.22.44:110][  0]LogNetVersion: Set ProjectVersion to 1.0.0.0. Version Checksum will be recalculated on next use.
[2020.05.14-15.22.44:209][  0]LogDerivedDataCache: Saved boot cache 0.10s 78MB C:/Users/kinia/AppData/Local/UnrealEngine/4.24/DerivedDataCache/Boot.ddc.
[2020.05.14-15.22.44:210][  0]LogInit: Texture streaming: Enabled
[2020.05.14-15.22.44:223][  0]LogEngineSessionManager: EngineSessionManager initialized
[2020.05.14-15.22.44:224][  0]LogEditorSessionSummary: Verbose: Initializing EditorSessionSummaryWriter for editor session tracking
[2020.05.14-15.22.44:233][  0]LogEditorSessionSummary: EditorSessionSummaryWriter initialized
[2020.05.14-15.22.44:275][  0]LogInit: Transaction tracking system initialized
[2020.05.14-15.22.44:285][  0]BlueprintLog: New page: Editor Load
[2020.05.14-15.22.44:318][  0]LocalizationService: Localization service is disabled
[2020.05.14-15.22.44:585][  0]LogFileCache: Scanning file cache for directory 'D:/unreal/ballrunner/Ball_runner 4.24/Content/' took 0.01s
[2020.05.14-15.22.44:585][  0]LogCook: Display: Max memory allowance for cook 16384mb min free memory 0mb
[2020.05.14-15.22.44:585][  0]LogCook: Display: Mobile HDR setting 1
[2020.05.14-15.22.45:651][  0]SourceControl: Source control is disabled
[2020.05.14-15.22.45:807][  0]LogSlate: Took 0.000382 seconds to synchronously load lazily loaded font '../../../Engine/Content/Slate/Fonts/Roboto-Regular.ttf' (155K)
[2020.05.14-15.22.57:742][  0]LogSlate: Window 'Restore Packages' being destroyed
[2020.05.14-15.22.57:743][  0]LogWindowsTextInputMethodSystem: Display: IME system now deactivated.
[2020.05.14-15.22.57:747][  0]LogWindowsTextInputMethodSystem: Display: IME system now deactivated.
[2020.05.14-15.23.00:719][  0]LogSlate: Window 'Unable to Check Out From Source Control!' being destroyed
[2020.05.14-15.23.00:720][  0]LogWindowsTextInputMethodSystem: Display: IME system now deactivated.
[2020.05.14-15.23.00:724][  0]LogWindowsTextInputMethodSystem: Display: IME system now deactivated.
[2020.05.14-15.23.00:734][  0]Cmd: MAP LOAD FILE="../../../../unreal/ballrunner/Ball_runner 4.24/Content/Levels/MainLevel.umap" TEMPLATE=0 SHOWPROGRESS=1 FEATURELEVEL=3
[2020.05.14-15.23.00:735][  0]LightingResults: New page: Lighting Build
[2020.05.14-15.23.00:736][  0]LogWorld: UWorld::CleanupWorld for Untitled, bSessionEnded=true, bCleanupResources=true
[2020.05.14-15.23.00:736][  0]LogSlate: InvalidateAllWidgets triggered.  All widgets were invalidated
[2020.05.14-15.23.00:737][  0]MapCheck: New page: Map Check
[2020.05.14-15.23.00:737][  0]LightingResults: New page: Lighting Build
[2020.05.14-15.23.00:767][  0]LogUObjectHash: Compacting FUObjectHashTables data took   1.79ms
[2020.05.14-15.23.00:929][  0]LogAIModule: Creating AISystem for world MainLevel
[2020.05.14-15.23.00:933][  0]LogEditorServer: Finished looking for orphan Actors (0.000 secs)
[2020.05.14-15.23.00:961][  0]LogUObjectHash: Compacting FUObjectHashTables data took   0.64ms
[2020.05.14-15.23.00:963][  0]Cmd: MAP CHECKDEP NOCLEARLOG
[2020.05.14-15.23.00:963][  0]MapCheck: Map check complete: 0 Error(s), 0 Warning(s), took 0,121ms to complete.
[2020.05.14-15.23.00:963][  0]LogFileHelpers: Loading map 'MainLevel' took 0.229
[2020.05.14-15.23.01:051][  0]LogSlate: Updating window title bar state: overlay mode, drag disabled, window buttons hidden, title bar hidden
[2020.05.14-15.23.01:059][  0]LogSlate: Updating window title bar state: overlay mode, drag disabled, window buttons hidden, title bar hidden
[2020.05.14-15.23.01:066][  0]LogSlate: Updating window title bar state: overlay mode, drag disabled, window buttons hidden, title bar hidden
[2020.05.14-15.23.01:072][  0]LogSlate: Updating window title bar state: overlay mode, drag disabled, window buttons hidden, title bar hidden
[2020.05.14-15.23.01:083][  0]LogCollectionManager: Loaded 0 collections in 0.002115 seconds
[2020.05.14-15.23.01:099][  0]LogFileCache: Scanning file cache for directory 'D:/unreal/ballrunner/Ball_runner 4.24/Saved/Collections/' took 0.00s
[2020.05.14-15.23.01:099][  0]LogFileCache: Scanning file cache for directory 'D:/unreal/ballrunner/Ball_runner 4.24/Content/Developers/kinia/Collections/' took 0.00s
[2020.05.14-15.23.01:099][  0]LogFileCache: Scanning file cache for directory 'D:/unreal/ballrunner/Ball_runner 4.24/Content/Collections/' took 0.00s
[2020.05.14-15.23.01:099][  0]LogContentBrowser: Native class hierarchy populated in 0.0087 seconds. Added 3015 classes and 717 folders.
[2020.05.14-15.23.01:101][  0]LogContentBrowser: Native class hierarchy updated for 'WidgetCarousel' in 0.0003 seconds. Added 0 classes and 0 folders.
[2020.05.14-15.23.01:238][  0]LogContentBrowser: Native class hierarchy updated for 'AddContentDialog' in 0.0003 seconds. Added 0 classes and 0 folders.
[2020.05.14-15.23.01:243][  0]LogContentBrowser: Native class hierarchy updated for 'WorldBrowser' in 0.0003 seconds. Added 2 classes and 3 folders.
[2020.05.14-15.23.01:252][  0]LogContentBrowser: Native class hierarchy updated for 'SceneOutliner' in 0.0003 seconds. Added 2 classes and 3 folders.
[2020.05.14-15.23.01:377][  0]LogSlate: Took 0.000334 seconds to synchronously load lazily loaded font '../../../Engine/Content/Slate/Fonts/Roboto-Bold.ttf' (160K)
[2020.05.14-15.23.01:382][  0]LogSlate: Took 0.000281 seconds to synchronously load lazily loaded font '../../../Engine/Content/Editor/Slate/Fonts/FontAwesome.ttf' (139K)
[2020.05.14-15.23.01:432][  0]LogRenderer: Reallocating scene render targets to support 956x432 Format 10 NumSamples 1 (Frame:1).
[2020.05.14-15.23.01:545][  0]LogContentBrowser: Native class hierarchy updated for 'HierarchicalLODOutliner' in 0.0004 seconds. Added 0 classes and 0 folders.
[2020.05.14-15.23.01:545][  0]LogLoad: (Engine Initialization) Total time: 26.30 seconds
[2020.05.14-15.23.01:545][  0]LogLoad: (Engine Initialization) Total Blueprint compile time: 0.00 seconds
[2020.05.14-15.23.01:609][  0]LogAssetRegistry: Asset discovery search completed in 21.3198 seconds
[2020.05.14-15.23.01:614][  0]LogCollectionManager: Fixed up redirectors for 0 collections in 0.000012 seconds (updated 0 objects)
[2020.05.14-15.23.01:621][  0]LogContentStreaming: Texture pool size now 1000 MB
[2020.05.14-15.23.01:659][  0]LogSlate: Took 0.000330 seconds to synchronously load lazily loaded font '../../../Engine/Content/Slate/Fonts/Roboto-Light.ttf' (167K)
[2020.05.14-15.23.01:699][  0]LogSlate: Took 0.000269 seconds to synchronously load lazily loaded font '../../../Engine/Content/Slate/Fonts/Roboto-Light.ttf' (167K)
[2020.05.14-15.26.56:250][387]LogSlate: Window 'Editor Preferences' being destroyed
[2020.05.14-15.26.56:258][387]LogSlate: Window 'Editor Preferences' being destroyed
[2020.05.14-15.28.43:751][689]LogAssetEditorSubsystem: Opening Asset editor for Blueprint /Game/Blueprints/BP_Crystal.BP_Crystal
[2020.05.14-15.28.43:978][689]LogContentBrowser: Native class hierarchy updated for 'BlueprintGraph' in 0.0007 seconds. Added 121 classes and 0 folders.
[2020.05.14-15.28.44:800][689]LogSlate: Took 0.000488 seconds to synchronously load lazily loaded font '../../../Engine/Content/Slate/Fonts/Roboto-BoldCondensed.ttf' (158K)
[2020.05.14-15.28.48:997][ 72]LogSlate: Took 0.000862 seconds to synchronously load lazily loaded font '../../../Engine/Content/Slate/Fonts/Roboto-Italic.ttf' (157K)
[2020.05.14-15.29.01:921][238]LogSlate: Window 'BP_Crystal' being destroyed
[2020.05.14-15.29.01:935][238]LogSlate: Window 'BP_Crystal' being destroyed
[2020.05.14-15.29.01:945][238]LogWorld: UWorld::CleanupWorld for World_0, bSessionEnded=true, bCleanupResources=true
[2020.05.14-15.29.01:945][238]LogSlate: InvalidateAllWidgets triggered.  All widgets were invalidated
[2020.05.14-15.29.03:075][347]LogAssetEditorSubsystem: Opening Asset editor for Blueprint /Game/Blueprints/BP_Crystal.BP_Crystal
[2020.05.14-15.29.05:340][517]LogSlate: Window 'BP_Crystal' being destroyed
[2020.05.14-15.29.05:354][517]LogSlate: Window 'BP_Crystal' being destroyed
[2020.05.14-15.29.05:355][517]LogWorld: UWorld::CleanupWorld for World_4, bSessionEnded=true, bCleanupResources=true
[2020.05.14-15.29.05:355][517]LogSlate: InvalidateAllWidgets triggered.  All widgets were invalidated
[2020.05.14-15.29.09:303][955]LogUObjectHash: Compacting FUObjectHashTables data took   3.27ms
[2020.05.14-15.29.11:129][955]LogSlate: Window 'Delete Assets' being destroyed
[2020.05.14-15.29.11:628][955]LogUObjectGlobals: Force Deleting 1 Package(s):
	Asset Name: /Game/Blueprints/BP_Crystal.BP_Crystal
[2020.05.14-15.29.13:336][955]LogUObjectHash: Compacting FUObjectHashTables data took   2.67ms
[2020.05.14-15.29.13:573][955]LogUObjectHash: Compacting FUObjectHashTables data took   2.45ms
[2020.05.14-15.29.13:603][955]LogUObjectHash: Compacting FUObjectHashTables data took   2.33ms
[2020.05.14-15.29.13:632][955]LogUObjectHash: Compacting FUObjectHashTables data took   0.85ms
[2020.05.14-15.29.17:747][215]LogSlate: Window 'Pick Parent Class' being destroyed
[2020.05.14-15.29.26:214][201]LogAssetEditorSubsystem: Opening Asset editor for Blueprint /Game/Blueprints/BP_Crystal.BP_Crystal
[2020.05.14-15.29.26:639][202]LogRenderer: Reallocating scene render targets to support 956x436 Format 10 NumSamples 1 (Frame:1).
[2020.05.14-15.32.16:768][797]LogEditorTransaction: Undo Set Location
[2020.05.14-15.32.49:603][110]BlueprintLog: New page: Compile BP_Crystal
[2020.05.14-15.32.49:935][110]LogUObjectHash: Compacting FUObjectHashTables data took   3.67ms
[2020.05.14-15.32.51:341][230]Cmd: OBJ SAVEPACKAGE PACKAGE="/Game/Blueprints/BP_Crystal" FILE="../../../../unreal/ballrunner/Ball_runner 4.24/Content/Blueprints/BP_Crystal.uasset" SILENT=true
[2020.05.14-15.32.51:357][230]LogSavePackage: Moving '../../../../unreal/ballrunner/Ball_runner 4.24/Saved/BP_Crystal226ADDFB42E7E8583B710494E635BFCD.tmp' to '../../../../unreal/ballrunner/Ball_runner 4.24/Content/Blueprints/BP_Crystal.uasset'
[2020.05.14-15.32.51:383][230]AssetCheck: New page: Asset Save: BP_Crystal
[2020.05.14-15.32.51:383][230]LogContentValidation: Display: Validating Blueprint /Game/Blueprints/BP_Crystal.BP_Crystal
[2020.05.14-15.32.54:365][524]LogSlate: Window 'BP_Crystal' being destroyed
[2020.05.14-15.32.54:372][524]LogSlate: Window 'BP_Crystal' being destroyed
[2020.05.14-15.32.54:375][524]LogWorld: UWorld::CleanupWorld for World_5, bSessionEnded=true, bCleanupResources=true
[2020.05.14-15.32.54:375][524]LogSlate: InvalidateAllWidgets triggered.  All widgets were invalidated
[2020.05.14-15.33.45:311][548]LogEditorViewport: Clicking Background
[2020.05.14-15.33.50:365][149]LogRenderer: Reallocating scene render targets to support 956x440 Format 10 NumSamples 1 (Frame:36486).
[2020.05.14-15.33.50:421][151]LogRenderer: Reallocating scene render targets to support 956x444 Format 10 NumSamples 1 (Frame:36490).
[2020.05.14-15.33.50:452][152]LogRenderer: Reallocating scene render targets to support 956x448 Format 10 NumSamples 1 (Frame:36492).
[2020.05.14-15.33.50:486][153]LogRenderer: Reallocating scene render targets to support 956x452 Format 10 NumSamples 1 (Frame:36494).
[2020.05.14-15.33.50:512][154]LogRenderer: Reallocating scene render targets to support 956x456 Format 10 NumSamples 1 (Frame:36496).
[2020.05.14-15.33.50:540][155]LogRenderer: Reallocating scene render targets to support 956x460 Format 10 NumSamples 1 (Frame:36498).
[2020.05.14-15.33.50:584][157]LogRenderer: Reallocating scene render targets to support 956x464 Format 10 NumSamples 1 (Frame:36502).
[2020.05.14-15.33.50:615][158]LogRenderer: Reallocating scene render targets to support 956x468 Format 10 NumSamples 1 (Frame:36504).
[2020.05.14-15.33.50:643][159]LogRenderer: Reallocating scene render targets to support 956x472 Format 10 NumSamples 1 (Frame:36506).
[2020.05.14-15.33.50:673][160]LogRenderer: Reallocating scene render targets to support 956x480 Format 10 NumSamples 1 (Frame:36508).
[2020.05.14-15.33.50:700][161]LogRenderer: Reallocating scene render targets to support 956x484 Format 10 NumSamples 1 (Frame:36510).
[2020.05.14-15.33.50:730][162]LogRenderer: Reallocating scene render targets to support 956x488 Format 10 NumSamples 1 (Frame:36512).
[2020.05.14-15.33.50:758][163]LogRenderer: Reallocating scene render targets to support 956x496 Format 10 NumSamples 1 (Frame:36514).
[2020.05.14-15.33.50:786][164]LogRenderer: Reallocating scene render targets to support 956x500 Format 10 NumSamples 1 (Frame:36516).
[2020.05.14-15.33.50:840][167]LogRenderer: Reallocating scene render targets to support 956x504 Format 10 NumSamples 1 (Frame:36520).
[2020.05.14-15.33.50:906][170]LogRenderer: Reallocating scene render targets to support 956x508 Format 10 NumSamples 1 (Frame:36526).
[2020.05.14-15.33.51:017][172]LogRenderer: Reallocating scene render targets to support 956x512 Format 10 NumSamples 1 (Frame:36530).
[2020.05.14-15.33.51:045][173]LogRenderer: Reallocating scene render targets to support 956x520 Format 10 NumSamples 1 (Frame:36532).
[2020.05.14-15.33.51:095][175]LogRenderer: Reallocating scene render targets to support 956x524 Format 10 NumSamples 1 (Frame:36536).
[2020.05.14-15.33.51:216][185]LogRenderer: Reallocating scene render targets to support 956x528 Format 10 NumSamples 1 (Frame:36542).
[2020.05.14-15.33.51:401][203]LogRenderer: Reallocating scene render targets to support 956x532 Format 10 NumSamples 1 (Frame:36548).
[2020.05.14-15.33.51:534][213]LogRenderer: Reallocating scene render targets to support 956x536 Format 10 NumSamples 1 (Frame:36556).
[2020.05.14-15.33.51:591][217]LogRenderer: Reallocating scene render targets to support 956x540 Format 10 NumSamples 1 (Frame:36560).
[2020.05.14-15.33.57:997][961]Cmd: OBJ SAVEPACKAGE PACKAGE="/Game/Levels/MainLevel" FILE="../../../../unreal/ballrunner/Ball_runner 4.24/Content/Levels/MainLevel.umap" SILENT=true AUTOSAVING=false KEEPDIRTY=false
[2020.05.14-15.33.58:037][961]LogUObjectHash: Compacting FUObjectHashTables data took   2.89ms
[2020.05.14-15.33.58:218][961]LogSavePackage: Moving '../../../../unreal/ballrunner/Ball_runner 4.24/Saved/MainLevel8284CC4747F9221C69C23B89DB835DBC.tmp' to '../../../../unreal/ballrunner/Ball_runner 4.24/Content/Levels/MainLevel.umap'
[2020.05.14-15.33.58:249][961]AssetCheck: New page: Asset Save: MainLevel
[2020.05.14-15.33.58:249][961]LogContentValidation: Display: Validating World /Game/Levels/MainLevel.MainLevel
[2020.05.14-15.34.01:668][369]LogTemp: Repeating last play command: Selected Viewport
[2020.05.14-15.34.01:695][369]LogBlueprintUserMessages: Early PlayInEditor Detection: Level '/Game/Levels/MainLevel.MainLevel:PersistentLevel' has LevelScriptBlueprint '/Game/Levels/MainLevel.MainLevel:PersistentLevel.MainLevel' with GeneratedClass '/Game/Levels/MainLevel.MainLevel_C' with ClassGeneratedBy '/Game/Levels/MainLevel.MainLevel:PersistentLevel.MainLevel'
[2020.05.14-15.34.01:695][369]LogPlayLevel: PlayLevel: No blueprints needed recompiling
[2020.05.14-15.34.01:717][369]PIE: New page: PIE session: MainLevel (14 maj 2020, 19:34:01)
[2020.05.14-15.34.01:726][369]LogOnline: OSS: Creating online subsystem instance for: NULL
[2020.05.14-15.34.01:727][369]LogOnline: OSS: TryLoadSubsystemAndSetDefault: Loaded subsystem for module [NULL]
[2020.05.14-15.34.01:727][369]LogPlayLevel: Creating play world package: /Game/Levels/UEDPIE_0_MainLevel
[2020.05.14-15.34.01:733][369]LogPlayLevel: PIE: StaticDuplicateObject took: (0.006008s)
[2020.05.14-15.34.01:734][369]LogAIModule: Creating AISystem for world MainLevel
[2020.05.14-15.34.01:734][369]LogPlayLevel: PIE: World Init took: (0.000980s)
[2020.05.14-15.34.01:734][369]LogPlayLevel: PIE: Created PIE world by copying editor world from /Game/Levels/MainLevel.MainLevel to /Game/Levels/UEDPIE_0_MainLevel.MainLevel (0.007172s)
[2020.05.14-15.34.01:767][369]LogUObjectHash: Compacting FUObjectHashTables data took   2.97ms
[2020.05.14-15.34.01:768][369]LogAudioMixer: Display: Audio Mixer Platform Settings:
[2020.05.14-15.34.01:768][369]LogAudioMixer: Display: 	Sample Rate:						  48000
[2020.05.14-15.34.01:768][369]LogAudioMixer: Display: 	Callback Buffer Frame Size Requested: 1024
[2020.05.14-15.34.01:768][369]LogAudioMixer: Display: 	Callback Buffer Frame Size To Use:	  1024
[2020.05.14-15.34.01:768][369]LogAudioMixer: Display: 	Number of buffers to queue:			  2
[2020.05.14-15.34.01:768][369]LogAudioMixer: Display: 	Max Channels (voices):				  32
[2020.05.14-15.34.01:768][369]LogAudioMixer: Display: 	Number of Async Source Workers:		  0
[2020.05.14-15.34.01:769][369]LogAudio: Display: AudioDevice MaxSources: 32
[2020.05.14-15.34.01:769][369]LogAudio: Display: Using built-in audio occlusion.
[2020.05.14-15.34.01:769][369]LogAudioMixer: Display: Initializing audio mixer.
[2020.05.14-15.34.01:782][369]LogAudioMixer: Display: Audio Device Output Speaker Info:
[2020.05.14-15.34.01:782][369]LogAudioMixer: Display: Name: Speakers (Realtek High Definition Audio(SST))
[2020.05.14-15.34.01:782][369]LogAudioMixer: Display: Is Default: Yes
[2020.05.14-15.34.01:782][369]LogAudioMixer: Display: Sample Rate: 48000
[2020.05.14-15.34.01:782][369]LogAudioMixer: Display: Channel Count Used: 2
[2020.05.14-15.34.01:782][369]LogAudioMixer: Display: Device Channel Count: 2
[2020.05.14-15.34.01:782][369]LogAudioMixer: Display: Channel Order:
[2020.05.14-15.34.01:782][369]LogAudioMixer: Display: 0: FrontLeft
[2020.05.14-15.34.01:782][369]LogAudioMixer: Display: 1: FrontRight
[2020.05.14-15.34.01:808][369]LogAudioMixer: Display: Using Audio Device Speakers (Realtek High Definition Audio(SST))
[2020.05.14-15.34.01:810][369]LogInit: FAudioDevice initialized.
[2020.05.14-15.34.01:840][369]LogLoad: Game class is 'GameModeBase'
[2020.05.14-15.34.01:855][369]LogWorld: Bringing World /Game/Levels/UEDPIE_0_MainLevel.MainLevel up for play (max tick rate 0) at 2020.05.14-17.34.01
[2020.05.14-15.34.01:860][369]LogWorld: Bringing up level for play took: 0.006949
[2020.05.14-15.34.01:860][369]LogOnline: OSS: Creating online subsystem instance for: :Context_7
[2020.05.14-15.34.01:900][369]LogContentBrowser: Native class hierarchy updated for 'MovieSceneCapture' in 0.0005 seconds. Added 20 classes and 0 folders.
[2020.05.14-15.34.01:901][369]PIE: Play in editor start time for /Game/Levels/UEDPIE_0_MainLevel 0,793
[2020.05.14-15.34.01:901][369]LogBlueprintUserMessages: Late PlayInEditor Detection: Level '/Game/Levels/MainLevel.MainLevel:PersistentLevel' has LevelScriptBlueprint '/Game/Levels/MainLevel.MainLevel:PersistentLevel.MainLevel' with GeneratedClass '/Game/Levels/MainLevel.MainLevel_C' with ClassGeneratedBy '/Game/Levels/MainLevel.MainLevel:PersistentLevel.MainLevel'
[2020.05.14-15.34.37:527][344]LogAudioMixer: Display: No commands were queued while flushing the source manager.
[2020.05.14-15.34.37:527][344]LogAudioMixer: Display: No commands were queued while flushing the source manager.
[2020.05.14-15.34.37:527][344]LogBlueprintUserMessages: Early EndPlayMap Detection: Level '/Game/Levels/MainLevel.MainLevel:PersistentLevel' has LevelScriptBlueprint '/Game/Levels/MainLevel.MainLevel:PersistentLevel.MainLevel' with GeneratedClass '/Game/Levels/MainLevel.MainLevel_C' with ClassGeneratedBy '/Game/Levels/MainLevel.MainLevel:PersistentLevel.MainLevel'
[2020.05.14-15.34.37:528][344]LogSlate: Updating window title bar state: overlay mode, drag disabled, window buttons hidden, title bar hidden
[2020.05.14-15.34.37:528][344]LogWorld: BeginTearingDown for /Game/Levels/UEDPIE_0_MainLevel
[2020.05.14-15.34.37:528][344]LogAudioMixer: Display: No commands were queued while flushing the source manager.
[2020.05.14-15.34.37:528][344]LogWorld: UWorld::CleanupWorld for MainLevel, bSessionEnded=true, bCleanupResources=true
[2020.05.14-15.34.37:528][344]LogSlate: InvalidateAllWidgets triggered.  All widgets were invalidated
[2020.05.14-15.34.37:537][344]LogPlayLevel: Display: Shutting down PIE online subsystems
[2020.05.14-15.34.37:537][344]LogBlueprintUserMessages: Late EndPlayMap Detection: Level '/Game/Levels/MainLevel.MainLevel:PersistentLevel' has LevelScriptBlueprint '/Game/Levels/MainLevel.MainLevel:PersistentLevel.MainLevel' with GeneratedClass '/Game/Levels/MainLevel.MainLevel_C' with ClassGeneratedBy '/Game/Levels/MainLevel.MainLevel:PersistentLevel.MainLevel'
[2020.05.14-15.34.37:542][344]LogSlate: InvalidateAllWidgets triggered.  All widgets were invalidated
[2020.05.14-15.34.37:584][344]LogAudioMixer: Display: No commands were queued while flushing the source manager.
[2020.05.14-15.34.37:588][344]LogSlate: Updating window title bar state: overlay mode, drag disabled, window buttons hidden, title bar hidden
[2020.05.14-15.34.37:618][344]LogUObjectHash: Compacting FUObjectHashTables data took   3.48ms
[2020.05.14-15.34.37:635][345]LogPlayLevel: Display: Destroying online subsystem :Context_7
